<?xml version="1.0" encoding="UTF-8"?>
<!-- Generated by org.testng.reporters.JUnitReportReporter -->
<testsuite hostname="Lubab" failures="0" tests="4" name="myTestCases" time="14.095" errors="0" timestamp="2025-06-02T15:24:55 GMT+03:00" skipped="3">
  <testcase classname="myTestCases" name="clickOnTwoRandomNumber" time="14.095"/>
  <system-out/>
  <testcase classname="myTestCases" name="myTest">
    <skipped/>
  </testcase> <!-- myTest -->
  <system-out/>
  <testcase classname="myTestCases" name="clickOnOddNumbers">
    <skipped/>
  </testcase> <!-- clickOnOddNumbers -->
  <system-out/>
  <testcase classname="myTestCases" name="ClickOnAllNumbersOnly">
    <skipped/>
  </testcase> <!-- ClickOnAllNumbersOnly -->
  <system-out/>
</testsuite> <!-- myTestCases -->
